<?xml version="1.0" encoding="UTF-8"?>
<!-- Generated by org.testng.reporters.JUnitReportReporter -->
<testsuite skipped="1" hostname="LAPTOP-QC3HM38T" name="com.nopcommerce.testCases.TC_LoginDDT_002" tests="1" failures="0" timestamp="07 May 2020 11:15:43 GMT" time="0.000" errors="0">
  <testcase name="loginTest" time="0.000" classname="com.nopcommerce.testCases.TC_LoginDDT_002">
    <skipped/>
  </testcase> <!-- loginTest -->
</testsuite> <!-- com.nopcommerce.testCases.TC_LoginDDT_002 -->
