<?xml version="1.0" encoding="UTF-8"?>
<!-- Generated by org.testng.reporters.JUnitReportReporter -->
<testsuite skipped="0" hostname="LAPTOP-QC3HM38T" name="MyClasss" tests="1" failures="0" timestamp="01 May 2020 02:21:47 GMT" time="0.022" errors="0">
  <testcase name="mytest" time="0.022" classname="MyClasss"/>
</testsuite> <!-- MyClasss -->
